Picked up JAVA_TOOL_OPTIONS: -Dstdout.encoding=UTF-8 -Dstderr.encoding=UTF-8
[INFO] Scanning for projects...
[INFO] 
[INFO] -----------------------< com.tuempresa:talleres >-----------------------
[INFO] Building talleres 0.0.1-SNAPSHOT
[INFO]   from pom.xml
[INFO] --------------------------------[ jar ]---------------------------------
[INFO] 
[INFO] >>> spring-boot:3.2.0:run (default-cli) > test-compile @ talleres >>>
[INFO] 
[INFO] --- resources:3.3.1:resources (default-resources) @ talleres ---
[INFO] Copying 1 resource from src\main\resources to target\classes
[INFO] Copying 0 resource from src\main\resources to target\classes
[INFO] 
[INFO] --- compiler:3.11.0:compile (default-compile) @ talleres ---
[INFO] Nothing to compile - all classes are up to date
[INFO] 
[INFO] --- resources:3.3.1:testResources (default-testResources) @ talleres ---
[INFO] skip non existing resourceDirectory C:\Users\jhonj\OneDrive\Escritorio\backend-diseño\talleres-backend\src\test\resources
[INFO] 
[INFO] --- compiler:3.11.0:testCompile (default-testCompile) @ talleres ---
[INFO] No sources to compile
[INFO] 
[INFO] <<< spring-boot:3.2.0:run (default-cli) < test-compile @ talleres <<<
[INFO] 
[INFO] 
[INFO] --- spring-boot:3.2.0:run (default-cli) @ talleres ---
[INFO] Attaching agents: []
Picked up JAVA_TOOL_OPTIONS: -Dstdout.encoding=UTF-8 -Dstderr.encoding=UTF-8

  .   ____          _            __ _ _
 /\\ / ___'_ __ _ _(_)_ __  __ _ \ \ \ \
( ( )\___ | '_ | '_| | '_ \/ _` | \ \ \ \
 \\/  ___)| |_)| | | | | || (_| |  ) ) ) )
  '  |____| .__|_| |_|_| |_\__, | / / / /
 =========|_|==============|___/=/_/_/_/
 :: Spring Boot ::                (v3.2.0)

2025-11-24T18:48:19.344-05:00  INFO 15680 --- [           main] c.t.talleres.TalleresApplication         : Starting TalleresApplication using Java 21.0.9 with PID 15680 (C:\Users\jhonj\OneDrive\Escritorio\backend-diseño\talleres-backend\target\classes started by jhonj in C:\Users\jhonj\OneDrive\Escritorio\backend-diseño\talleres-backend)
2025-11-24T18:48:19.345-05:00  INFO 15680 --- [           main] c.t.talleres.TalleresApplication         : No active profile set, falling back to 1 default profile: "default"
2025-11-24T18:48:20.369-05:00  INFO 15680 --- [           main] .s.d.r.c.RepositoryConfigurationDelegate : Bootstrapping Spring Data JPA repositories in DEFAULT mode.
2025-11-24T18:48:20.474-05:00  INFO 15680 --- [           main] .s.d.r.c.RepositoryConfigurationDelegate : Finished Spring Data repository scanning in 86 ms. Found 8 JPA repository interfaces.
2025-11-24T18:48:21.733-05:00  INFO 15680 --- [           main] o.s.b.w.embedded.tomcat.TomcatWebServer  : Tomcat initialized with port 8080 (http)
2025-11-24T18:48:21.752-05:00  INFO 15680 --- [           main] o.apache.catalina.core.StandardService   : Starting service [Tomcat]
2025-11-24T18:48:21.752-05:00  INFO 15680 --- [           main] o.apache.catalina.core.StandardEngine    : Starting Servlet engine: [Apache Tomcat/10.1.16]
2025-11-24T18:48:21.845-05:00  INFO 15680 --- [           main] o.a.c.c.C.[Tomcat].[localhost].[/]       : Initializing Spring embedded WebApplicationContext
2025-11-24T18:48:21.845-05:00  INFO 15680 --- [           main] w.s.c.ServletWebServerApplicationContext : Root WebApplicationContext: initialization completed in 2441 ms
2025-11-24T18:48:21.893-05:00  INFO 15680 --- [           main] com.zaxxer.hikari.HikariDataSource       : HikariPool-1 - Starting...
2025-11-24T18:48:22.146-05:00  INFO 15680 --- [           main] com.zaxxer.hikari.pool.HikariPool        : HikariPool-1 - Added connection conn0: url=jdbc:h2:mem:talleresdb user=SA
2025-11-24T18:48:22.146-05:00  INFO 15680 --- [           main] com.zaxxer.hikari.HikariDataSource       : HikariPool-1 - Start completed.
2025-11-24T18:48:22.162-05:00  INFO 15680 --- [           main] o.s.b.a.h2.H2ConsoleAutoConfiguration    : H2 console available at '/h2-console'. Database available at 'jdbc:h2:mem:talleresdb'
2025-11-24T18:48:22.379-05:00  INFO 15680 --- [           main] o.hibernate.jpa.internal.util.LogHelper  : HHH000204: Processing PersistenceUnitInfo [name: default]
2025-11-24T18:48:22.475-05:00  INFO 15680 --- [           main] org.hibernate.Version                    : HHH000412: Hibernate ORM core version 6.3.1.Final
2025-11-24T18:48:22.540-05:00  INFO 15680 --- [           main] o.h.c.internal.RegionFactoryInitiator    : HHH000026: Second-level cache disabled
2025-11-24T18:48:22.921-05:00  INFO 15680 --- [           main] o.s.o.j.p.SpringPersistenceUnitInfo      : No LoadTimeWeaver setup: ignoring JPA class transformer
2025-11-24T18:48:22.984-05:00  WARN 15680 --- [           main] org.hibernate.orm.deprecation            : HHH90000025: H2Dialect does not need to be specified explicitly using 'hibernate.dialect' (remove the property setting and it will be selected by default)
2025-11-24T18:48:24.266-05:00  INFO 15680 --- [           main] o.h.e.t.j.p.i.JtaPlatformInitiator       : HHH000489: No JTA platform available (set 'hibernate.transaction.jta.platform' to enable JTA platform integration)
Hibernate: drop table if exists certificado cascade 
Hibernate: drop table if exists evento cascade 
Hibernate: drop table if exists inscripcion cascade 
Hibernate: drop table if exists material cascade 
Hibernate: drop table if exists pago cascade 
Hibernate: drop table if exists participante cascade 
Hibernate: drop table if exists ponente cascade 
Hibernate: drop table if exists sesion cascade 
Hibernate: drop table if exists usuario cascade 
Hibernate: create table certificado (emitido timestamp(6), evento_id bigint, id bigint generated by default as identity, participante_id bigint, codigo_verificacion varchar(255), primary key (id))
Hibernate: create table evento (capacidad integer not null, precio float(24) not null, id bigint generated by default as identity, estado varchar(255), modalidad varchar(255), sede varchar(255), tipo varchar(255), titulo varchar(255), primary key (id))
Hibernate: create table inscripcion (evento_id bigint, fecha timestamp(6), id bigint generated by default as identity, participante_id bigint, estado varchar(255), primary key (id))
Hibernate: create table material (evento_id bigint, id bigint generated by default as identity, vigencia_hasta timestamp(6), titulo varchar(255), url varchar(255), primary key (id))
Hibernate: create table pago (monto float(24) not null, fecha timestamp(6), id bigint generated by default as identity, inscripcion_id bigint, estado varchar(255), referencia varchar(255), primary key (id))
Hibernate: create table participante (id bigint generated by default as identity, email varchar(255), nombre varchar(255), primary key (id))
Hibernate: create table ponente (id bigint generated by default as identity, usuario_id bigint unique, bio varchar(255), foto_url varchar(255), nombre varchar(255), primary key (id))
Hibernate: create table sesion (duracion integer not null, evento_id bigint, fecha timestamp(6), id bigint generated by default as identity, tema varchar(255), primary key (id))
Hibernate: create table usuario (activo boolean, created_at timestamp(6) not null, id bigint generated by default as identity, email varchar(255) not null unique, password varchar(255) not null, rol varchar(255) not null check (rol in ('ROLE_PARTICIPANTE','ROLE_PONENTE','ROLE_ADMIN')), username varchar(255) not null unique, primary key (id))
Hibernate: alter table if exists certificado add constraint FKsqe4dugsx90s9kc83ntc3lvqd foreign key (evento_id) references evento
Hibernate: alter table if exists certificado add constraint FK8isoov7msab5ng074kfp624ob foreign key (participante_id) references participante
Hibernate: alter table if exists inscripcion add constraint FK9b5gxnxc56g9sta8ixlkcvxdx foreign key (evento_id) references evento
Hibernate: alter table if exists inscripcion add constraint FKm1d6kumebprph72p7seqgg28y foreign key (participante_id) references participante
Hibernate: alter table if exists material add constraint FKrvcacvfifmcrlvchb6fyuf3gw foreign key (evento_id) references evento
Hibernate: alter table if exists pago add constraint FKik8ssgts9941gk1r49go51dy8 foreign key (inscripcion_id) references inscripcion
Hibernate: alter table if exists ponente add constraint FKscaq6xwc2hwuj7hxucsnj2vrk foreign key (usuario_id) references usuario
Hibernate: alter table if exists sesion add constraint FK1l91knr2pas0por25v13qd2u8 foreign key (evento_id) references evento
2025-11-24T18:48:24.358-05:00  INFO 15680 --- [           main] j.LocalContainerEntityManagerFactoryBean : Initialized JPA EntityManagerFactory for persistence unit 'default'
2025-11-24T18:48:24.844-05:00  WARN 15680 --- [           main] JpaBaseConfiguration$JpaWebConfiguration : spring.jpa.open-in-view is enabled by default. Therefore, database queries may be performed during view rendering. Explicitly configure spring.jpa.open-in-view to disable this warning
2025-11-24T18:48:25.606-05:00  INFO 15680 --- [           main] o.s.s.web.DefaultSecurityFilterChain     : Will secure any request with [org.springframework.security.web.session.DisableEncodeUrlFilter@220d7eb7, org.springframework.security.web.context.request.async.WebAsyncManagerIntegrationFilter@a165c11, org.springframework.security.web.context.SecurityContextHolderFilter@4b3b2a4f, org.springframework.security.web.header.HeaderWriterFilter@1df8e685, org.springframework.web.filter.CorsFilter@1eda12b3, org.springframework.security.web.authentication.logout.LogoutFilter@439b0198, com.tuempresa.talleres.security.JwtAuthenticationFilter@262a1fad, org.springframework.security.web.savedrequest.RequestCacheAwareFilter@7a3f3bc4, org.springframework.security.web.servletapi.SecurityContextHolderAwareRequestFilter@8cd2bb5, org.springframework.security.web.authentication.AnonymousAuthenticationFilter@5006a697, org.springframework.security.web.session.SessionManagementFilter@56b66cc6, org.springframework.security.web.access.ExceptionTranslationFilter@6db2a260, org.springframework.security.web.access.intercept.AuthorizationFilter@489c15e2]
2025-11-24T18:48:25.990-05:00  INFO 15680 --- [           main] o.s.b.w.embedded.tomcat.TomcatWebServer  : Tomcat started on port 8080 (http) with context path ''
2025-11-24T18:48:26.007-05:00  INFO 15680 --- [           main] c.t.talleres.TalleresApplication         : Started TalleresApplication in 7.236 seconds (process running for 7.903)
^C